<?xml version="1.0" encoding="UTF-8"?>
<!-- Generated by org.testng.reporters.JUnitReportReporter -->
<testsuite hostname="span" name="jdbc.Demo1" tests="1" failures="0" timestamp="28 Dec 2019 05:50:18 GMT" time="1.715" errors="0">
  <testcase name="testA" time="1.715" classname="jdbc.Demo1"/>
</testsuite> <!-- jdbc.Demo1 -->
