<?xml version="1.0" encoding="UTF-8"?>
<!-- Generated by org.testng.reporters.JUnitReportReporter -->
<testsuite hostname="span" name="demo.Demo" tests="1" failures="0" timestamp="8 Dec 2019 13:32:26 GMT" time="33.631" errors="0">
  <testcase name="testA" time="33.631" classname="demo.Demo"/>
</testsuite> <!-- demo.Demo -->
