<?xml version="1.0" encoding="UTF-8"?>
<!-- Generated by org.testng.reporters.JUnitReportReporter -->
<testsuite hostname="span" name="Basic.Demo1" tests="1" failures="0" timestamp="4 Jan 2020 05:33:30 GMT" time="32.042" errors="0">
  <testcase name="testA" time="32.042" classname="Basic.Demo1"/>
</testsuite> <!-- Basic.Demo1 -->
