<?xml version="1.0" encoding="UTF-8"?>
<!-- Generated by org.testng.reporters.JUnitReportReporter -->
<testsuite hostname="span" name="headers.Demo1" tests="1" failures="0" timestamp="28 Dec 2019 03:44:22 GMT" time="5.787" errors="0">
  <testcase name="teatA" time="5.787" classname="headers.Demo1"/>
</testsuite> <!-- headers.Demo1 -->
