<?xml version="1.0" encoding="UTF-8"?>
<!-- Generated by org.testng.reporters.JUnitReportReporter -->
<testsuite hostname="span" name="headers.Demo2" tests="1" failures="0" timestamp="28 Dec 2019 04:11:19 GMT" time="35.298" errors="0">
  <testcase name="testA" time="35.298" classname="headers.Demo2"/>
</testsuite> <!-- headers.Demo2 -->
